[abhimanyu-kumars-stupendous-site.webflow.io/index.html]
[backblue.gif]
[fade.gif]
[index.html]
[uploads-ssl.webflow.com/643af6c505f1d176c5142a6d/css/abhimanyu-kumars-stupendous-site.webflow.b9a7c4f25.css]
[ajax.googleapis.com/ajax/libs/webfont/1.6.26/webfont.js]
[uploads-ssl.webflow.com/643af6c505f1d176c5142a6d/643af6c505f1d12eb7142aa4_fav-32.png]
[uploads-ssl.webflow.com/643af6c505f1d176c5142a6d/643af6c505f1d114bd142aa3_fav-256.png]
[cdnjs.cloudflare.com/ajax/libs/OwlCarousel2/2.3.4/assets/owl.carousel.min.css]
[cdnjs.cloudflare.com/ajax/libs/OwlCarousel2/2.3.4/assets/owl.theme.default.css]
[uploads-ssl.webflow.com/643af6c505f1d176c5142a6d/643b14c761e751d78580af4e_WhatsApp_Image_2023-04-16_at_02.42.58-removebg-preview (1).png]
[uploads-ssl.webflow.com/643af6c505f1d176c5142a6d/643b1717a8f56c3dc86ff1d9_photo-1500835556837-99ac94a94552.jpg]
[uploads-ssl.webflow.com/643af6c505f1d176c5142a6d/643af6c505f1d1a4f5142aa8_Ellipse 657.png]
[uploads-ssl.webflow.com/643af6c505f1d176c5142a6d/643af6c505f1d1efff142a9d_Ellipse 649.png]
[uploads-ssl.webflow.com/643af6c505f1d176c5142a6d/643af6c505f1d1b089142a9f_Ellipse 650.png]
[uploads-ssl.webflow.com/643af6c505f1d176c5142a6d/643af6c505f1d14cdd142aa5_Ellipse 651.png]
[uploads-ssl.webflow.com/643af6c505f1d176c5142a6d/643af6c505f1d15e5a142aa2_Ellipse 652.png]
[uploads-ssl.webflow.com/643af6c505f1d176c5142a6d/643af6c505f1d12ea5142a9e_Ellipse 653.png]
[uploads-ssl.webflow.com/643af6c505f1d176c5142a6d/643af6c505f1d16eb8142a9a_Ellipse 654.png]
[uploads-ssl.webflow.com/643af6c505f1d176c5142a6d/643af6c505f1d1c394142aa6_Ellipse 655.png]
[uploads-ssl.webflow.com/643af6c505f1d176c5142a6d/643af6c505f1d14495142aa9_Ellipse 656.png]
[uploads-ssl.webflow.com/643af6c505f1d176c5142a6d/643b10cd47b29d7fbee1eaec_Screenshot_2023-04-16_022929-removebg-preview.png]
[uploads-ssl.webflow.com/643af6c505f1d176c5142a6d/643af6c505f1d10c7e142aa1_logo.png]
[d3e54v103j8qbb.cloudfront.net/js/jquery-3.5.1.min.dc5e7f18c8bed5.js]
[uploads-ssl.webflow.com/643af6c505f1d176c5142a6d/js/webflow.103e33dd8.js]
[abhimanyu-kumars-stupendous-site.webflow.io/index.html]
[cdnjs.cloudflare.com/ajax/libs/OwlCarousel2/2.3.4/owl.carousel.min.js]
[uploads-ssl.webflow.com/643af6c505f1d176c5142a6d/643af6c505f1d17c2e142aae_pexels-elia-clerici-912110.jpg]
[uploads-ssl.webflow.com/643af6c505f1d176c5142a6d/643af6c505f1d14fc6142a95_Rectangle 24833.png]
[uploads-ssl.webflow.com/643af6c505f1d176c5142a6d/css/abhimanyu-kumars-stupendous-site.webflow.b9a7c4f25.css]
[cdnjs.cloudflare.com/ajax/libs/OwlCarousel2/2.3.4/assets/owl.video.play.png]
[cdnjs.cloudflare.com/ajax/libs/OwlCarousel2/2.3.4/assets/owl.carousel.min.css]
[cdnjs.cloudflare.com/ajax/libs/OwlCarousel2/2.3.4/assets/owl.theme.default.css]
